\BOOKMARK [0][-]{Doc-Start}{口試委員會審定書}{}% 1
\BOOKMARK [0][-]{chapter*.1}{誌謝}{}% 2
\BOOKMARK [0][-]{chapter*.2}{Acknowledgements}{}% 3
\BOOKMARK [0][-]{chapter*.3}{摘要}{}% 4
\BOOKMARK [0][-]{chapter*.4}{Abstract}{}% 5
\BOOKMARK [0][-]{chapter.1}{Introduction}{}% 6
\BOOKMARK [1][-]{section.1.1}{Rise\040and\040Prominence\040of\040Cloud\040Storage}{chapter.1}% 7
\BOOKMARK [1][-]{section.1.2}{Concerns\040of\040Single\040Cloud\040Solution}{chapter.1}% 8
\BOOKMARK [1][-]{section.1.3}{FileFarm\040Overview}{chapter.1}% 9
\BOOKMARK [0][-]{chapter.2}{Related\040Work}{}% 10
\BOOKMARK [1][-]{section.2.1}{Redundancy\040and\040Confidentiality}{chapter.2}% 11
\BOOKMARK [1][-]{section.2.2}{Location\040Query}{chapter.2}% 12
\BOOKMARK [1][-]{section.2.3}{Storage\040Repair}{chapter.2}% 13
\BOOKMARK [0][-]{chapter.3}{Background}{}% 14
\BOOKMARK [1][-]{section.3.1}{Cloud\040Computing}{chapter.3}% 15
\BOOKMARK [1][-]{section.3.2}{Cloud\040Storage\040Service}{chapter.3}% 16
\BOOKMARK [1][-]{section.3.3}{Cloud-of-Clouds}{chapter.3}% 17
\BOOKMARK [1][-]{section.3.4}{Hybrid\040Cloud}{chapter.3}% 18
\BOOKMARK [1][-]{section.3.5}{Peer-to-Peer\040Systems}{chapter.3}% 19
\BOOKMARK [1][-]{section.3.6}{Distributed\040Hash\040Table}{chapter.3}% 20
\BOOKMARK [1][-]{section.3.7}{Kademlia}{chapter.3}% 21
\BOOKMARK [2][-]{subsection.3.7.1}{Load\040Balancing}{section.3.7}% 22
\BOOKMARK [2][-]{subsection.3.7.2}{Efficient\040Search}{section.3.7}% 23
\BOOKMARK [2][-]{subsection.3.7.3}{Redundancy\040Maintenance}{section.3.7}% 24
\BOOKMARK [1][-]{section.3.8}{Information\040Dispersal\040Algorithm}{chapter.3}% 25
\BOOKMARK [1][-]{section.3.9}{Public\040Key\040Infrastructure}{chapter.3}% 26
\BOOKMARK [0][-]{chapter.4}{Methodology}{}% 27
\BOOKMARK [1][-]{section.4.1}{System\040Architecture}{chapter.4}% 28
\BOOKMARK [1][-]{section.4.2}{Application\040Models\040and\040Process\040Flows}{chapter.4}% 29
\BOOKMARK [1][-]{section.4.3}{DHT-Based\040Approach}{chapter.4}% 30
\BOOKMARK [1][-]{section.4.4}{Beyond\040Kademlia}{chapter.4}% 31
\BOOKMARK [1][-]{section.4.5}{Data\040Confidentiality}{chapter.4}% 32
\BOOKMARK [1][-]{section.4.6}{Access\040Management}{chapter.4}% 33
\BOOKMARK [2][-]{subsection.4.6.1}{Decentralized\040Authentication}{section.4.6}% 34
\BOOKMARK [1][-]{section.4.7}{Cost\040Efficiency}{chapter.4}% 35
\BOOKMARK [2][-]{subsection.4.7.1}{Storage\040Release}{section.4.7}% 36
\BOOKMARK [2][-]{subsection.4.7.2}{Prioritized\040Download}{section.4.7}% 37
\BOOKMARK [1][-]{section.4.8}{Retrievability}{chapter.4}% 38
\BOOKMARK [2][-]{subsection.4.8.1}{Public\040Farmer\040ID\040Assignment}{section.4.8}% 39
\BOOKMARK [0][-]{chapter.5}{Experiments\040and\040Results}{}% 40
\BOOKMARK [1][-]{section.5.1}{Environment}{chapter.5}% 41
\BOOKMARK [1][-]{section.5.2}{Experiment:\040NODE_LOOKUP\040Efficiency}{chapter.5}% 42
\BOOKMARK [1][-]{section.5.3}{Experiment:\040VALUE_LOOKUP\040Efficiency}{chapter.5}% 43
\BOOKMARK [1][-]{section.5.4}{Experiment:\040Retrievability}{chapter.5}% 44
\BOOKMARK [1][-]{section.5.5}{Experiment:\040Throughput}{chapter.5}% 45
\BOOKMARK [1][-]{section.5.6}{Experiment: Cost – Storage Release}{chapter.5}% 46
\BOOKMARK [1][-]{section.5.7}{Experiment: Cost – Prioritized Download}{chapter.5}% 47
\BOOKMARK [0][-]{chapter.6}{Conclusion}{}% 48
\BOOKMARK [0][-]{chapter.6}{Bibliography}{}% 49
